<?xml version="1.0" encoding="UTF-8"?>
<testsuite xmlns:xsi="http://www.w3.org/2001/XMLSchema-instance" xsi:noNamespaceSchemaLocation="https://maven.apache.org/surefire/maven-surefire-plugin/xsd/surefire-test-report-3.0.xsd" version="3.0" name="edu.depaul.triangle.TriangleTest" time="0.153" tests="4" errors="0" skipped="0" failures="2">
  <properties>
[...]
</properties>
  <testcase name="testNoNegativeNumbers" classname="edu.depaul.triangle.TriangleTest" time="0.127">
    <failure type="org.opentest4j.AssertionFailedError"><![CDATA[org.opentest4j.AssertionFailedError: Expected java.lang.IllegalArgumentException to be thrown, but nothing was thrown.
	at edu.depaul.triangle.TriangleTest.testNoNegativeNumbers(TriangleTest.java:45)
]]></failure>
    <system-out><![CDATA[18:50:51,613 |-INFO in ch.qos.logback.classic.LoggerContext[default] - Found resource [logback-test.xml] at [file:/Users/abelmarin/Code/School/Software%20Testing/hw2/SE333-week2-triangle/target/test-classes/logback-test.xml]
18:50:51,656 |-INFO in ch.qos.logback.classic.joran.action.ConfigurationAction - debug attribute not set
18:50:51,656 |-INFO in ch.qos.logback.core.joran.action.AppenderAction - About to instantiate appender of type [ch.qos.logback.core.ConsoleAppender]
18:50:51,660 |-INFO in ch.qos.logback.core.joran.action.AppenderAction - Naming appender as [CONSOLE]
18:50:51,695 |-WARN in ch.qos.logback.core.ConsoleAppender[CONSOLE] - This appender no longer admits a layout as a sub-component, set an encoder instead.
18:50:51,695 |-WARN in ch.qos.logback.core.ConsoleAppender[CONSOLE] - To ensure compatibility, wrapping your layout in LayoutWrappingEncoder.
18:50:51,695 |-WARN in ch.qos.logback.core.ConsoleAppender[CONSOLE] - See also http://logback.qos.ch/codes.html#layoutInsteadOfEncoder for details
18:50:51,696 |-INFO in ch.qos.logback.classic.joran.action.LoggerAction - Setting level of logger [edu.depaul] to DEBUG
18:50:51,696 |-INFO in ch.qos.logback.classic.joran.action.LoggerAction - Setting additivity of logger [edu.depaul] to false
18:50:51,696 |-INFO in ch.qos.logback.core.joran.action.AppenderRefAction - Attaching appender named [CONSOLE] to Logger[edu.depaul]
18:50:51,696 |-INFO in ch.qos.logback.classic.joran.action.RootLoggerAction - Setting level of ROOT logger to DEBUG
18:50:51,696 |-INFO in ch.qos.logback.core.joran.action.AppenderRefAction - Attaching appender named [CONSOLE] to Logger[ROOT]
18:50:51,696 |-INFO in ch.qos.logback.classic.joran.action.ConfigurationAction - End of configuration.
18:50:51,697 |-INFO in ch.qos.logback.classic.joran.JoranConfigurator@60dcc9fe - Registering current configuration as safe fallback point

]]></system-out>
  </testcase>
  <testcase name="testScalene" classname="edu.depaul.triangle.TriangleTest" time="0.003"/>
  <testcase name="testNumberArgumentsError" classname="edu.depaul.triangle.TriangleTest" time="0.001"/>
  <testcase name="testIsosceles" classname="edu.depaul.triangle.TriangleTest" time="0.002">
    <failure type="org.opentest4j.AssertionFailedError"><![CDATA[org.opentest4j.AssertionFailedError: expected: <ISOSCELES> but was: <SCALENE>
	at edu.depaul.triangle.TriangleTest.testIsosceles(TriangleTest.java:29)
]]></failure>
    <system-out><![CDATA[18:50:51.718 [main] DEBUG edu.depaul.triangle.Triangle - classified as: SCALENE
]]></system-out>
  </testcase>
</testsuite>